	Adding anaconda3 2022.05 to your environment
	Adding nVidia Cuda Toolkit 11.7
[I 2023-05-08 12:20:25.225 ServerApp] jupyterlab | extension was successfully linked.
[W 2023-05-08 12:20:25.248 NotebookApp] 'port' has moved from NotebookApp to ServerApp. This config will be passed to ServerApp. Be sure to update your config before our next release.
[W 2023-05-08 12:20:25.248 NotebookApp] 'shutdown_no_activity_timeout' has moved from NotebookApp to ServerApp. This config will be passed to ServerApp. Be sure to update your config before our next release.
[W 2023-05-08 12:20:25.248 NotebookApp] 'terminals_enabled' has moved from NotebookApp to ServerApp. This config will be passed to ServerApp. Be sure to update your config before our next release.
[I 2023-05-08 12:20:25.255 ServerApp] nbclassic | extension was successfully linked.
[I 2023-05-08 12:20:31.490 ServerApp] notebook_shim | extension was successfully linked.
[I 2023-05-08 12:20:31.882 ServerApp] notebook_shim | extension was successfully loaded.
[I 2023-05-08 12:20:31.883 LabApp] JupyterLab extension loaded from /home/s1797743/.conda/envs/final/lib/python3.10/site-packages/jupyterlab
[I 2023-05-08 12:20:31.883 LabApp] JupyterLab application directory is /home/s1797743/.conda/envs/final/share/jupyter/lab
[I 2023-05-08 12:20:31.905 ServerApp] jupyterlab | extension was successfully loaded.
[I 2023-05-08 12:20:32.009 ServerApp] nbclassic | extension was successfully loaded.
[I 2023-05-08 12:20:32.009 ServerApp] Will shut down after 3600 seconds with no kernels or terminals.
[I 2023-05-08 12:20:32.011 ServerApp] Serving notebooks from local directory: /home/s1797743/thesis/final/AAAsegmentor
[I 2023-05-08 12:20:32.011 ServerApp] Jupyter Server 1.23.6 is running at:
[I 2023-05-08 12:20:32.011 ServerApp] http://ctit093.ewi.utwente.nl:8807/lab?token=fc438214f083a93b6b90336ccb4200bf7b12acfb27f367e2
[I 2023-05-08 12:20:32.011 ServerApp]  or http://127.0.0.1:8807/lab?token=fc438214f083a93b6b90336ccb4200bf7b12acfb27f367e2
[I 2023-05-08 12:20:32.011 ServerApp] Use Control-C to stop this server and shut down all kernels (twice to skip confirmation).
[C 2023-05-08 12:20:32.089 ServerApp] 
    
    To access the server, open this file in a browser:
        file:///home/s1797743/.local/share/jupyter/runtime/jpserver-485601-open.html
    Or copy and paste one of these URLs:
        http://ctit093.ewi.utwente.nl:8807/lab?token=fc438214f083a93b6b90336ccb4200bf7b12acfb27f367e2
     or http://127.0.0.1:8807/lab?token=fc438214f083a93b6b90336ccb4200bf7b12acfb27f367e2
[W 2023-05-08 12:21:09.185 LabApp] Could not determine jupyterlab build status without nodejs
[I 2023-05-08 12:21:12.944 ServerApp] Kernel started: 5378f978-9172-4934-bb50-4719f627b157
[I 2023-05-08 12:21:12.944 ServerApp] Culling kernels with idle durations > 3600 seconds at 300 second intervals ...
[I 2023-05-08 12:21:12.946 ServerApp] Kernel started: ecdb197a-fa8e-496a-80ff-db804f2c8192
[I 2023-05-08 12:21:14.185 ServerApp] Starting buffering for ecdb197a-fa8e-496a-80ff-db804f2c8192:568efe1f-3f80-4e0a-aa1a-b7a9b36bd4c8
[IPKernelApp] ERROR | No such comm target registered: jupyter.widget.control
[IPKernelApp] WARNING | No such comm: e0a0085d-4a45-4a52-bcdc-9c08b0fcb2a7
[IPKernelApp] ERROR | No such comm target registered: jupyter.widget.control
[IPKernelApp] WARNING | No such comm: 06b5200d-8943-48c4-abd2-27f6844f9adf
Mon May  8 12:21:24 2023       
+-----------------------------------------------------------------------------+
| NVIDIA-SMI 515.86.01    Driver Version: 515.86.01    CUDA Version: 11.7     |
|-------------------------------+----------------------+----------------------+
| GPU  Name        Persistence-M| Bus-Id        Disp.A | Volatile Uncorr. ECC |
| Fan  Temp  Perf  Pwr:Usage/Cap|         Memory-Usage | GPU-Util  Compute M. |
|                               |                      |               MIG M. |
|===============================+======================+======================|
|   0  NVIDIA A40          On   | 00000000:3B:00.0 Off |                    0 |
|  0%   60C    P0    88W / 300W |  34961MiB / 46068MiB |      0%      Default |
|                               |                      |                  N/A |
+-------------------------------+----------------------+----------------------+
|   1  NVIDIA A40          On   | 00000000:5E:00.0 Off |                    0 |
|  0%   61C    P0    89W / 300W |  34961MiB / 46068MiB |      0%      Default |
|                               |                      |                  N/A |
+-------------------------------+----------------------+----------------------+
|   2  NVIDIA A40          On   | 00000000:B1:00.0 Off |                    0 |
|  0%   47C    P8    35W / 300W |      0MiB / 46068MiB |      0%      Default |
|                               |                      |                  N/A |
+-------------------------------+----------------------+----------------------+
|   3  NVIDIA A40          On   | 00000000:D9:00.0 Off |                    0 |
|  0%   46C    P8    38W / 300W |      0MiB / 46068MiB |      0%      Default |
|                               |                      |                  N/A |
+-------------------------------+----------------------+----------------------+
                                                                               
+-----------------------------------------------------------------------------+
| Processes:                                                                  |
|  GPU   GI   CI        PID   Type   Process name                  GPU Memory |
|        ID   ID                                                   Usage      |
|=============================================================================|
|    0   N/A  N/A    484815      C   python                          34959MiB |
|    1   N/A  N/A    484837      C   python                          34959MiB |
+-----------------------------------------------------------------------------+
[I 2023-05-08 12:23:12.503 ServerApp] Saving file at /notebooks/test_model_random_datat.ipynb
[I 2023-05-08 12:29:26.081 ServerApp] Saving file at /src/model/my_model.py
[I 2023-05-08 12:30:54.474 ServerApp] Saving file at /src/model/my_model.py
[I 2023-05-08 12:31:02.569 ServerApp] Kernel restarted: 5378f978-9172-4934-bb50-4719f627b157
[I 2023-05-08 12:31:02.580 ServerApp] Starting buffering for 5378f978-9172-4934-bb50-4719f627b157:6a249484-73c4-4ac6-a2a1-5305599331e4
[I 2023-05-08 12:31:02.595 ServerApp] Restoring connection for 5378f978-9172-4934-bb50-4719f627b157:6a249484-73c4-4ac6-a2a1-5305599331e4
[IPKernelApp] ERROR | No such comm target registered: jupyter.widget.control
[IPKernelApp] WARNING | No such comm: 487e72e4-5b47-4392-af7d-3ff596a281bf
[I 2023-05-08 12:31:13.507 ServerApp] Saving file at /notebooks/test_model_random_datat.ipynb
Mon May  8 12:31:16 2023       
+-----------------------------------------------------------------------------+
| NVIDIA-SMI 515.86.01    Driver Version: 515.86.01    CUDA Version: 11.7     |
|-------------------------------+----------------------+----------------------+
| GPU  Name        Persistence-M| Bus-Id        Disp.A | Volatile Uncorr. ECC |
| Fan  Temp  Perf  Pwr:Usage/Cap|         Memory-Usage | GPU-Util  Compute M. |
|                               |                      |               MIG M. |
|===============================+======================+======================|
|   0  NVIDIA A40          On   | 00000000:3B:00.0 Off |                    0 |
|  0%   58C    P0    86W / 300W |  34961MiB / 46068MiB |      6%      Default |
|                               |                      |                  N/A |
+-------------------------------+----------------------+----------------------+
|   1  NVIDIA A40          On   | 00000000:5E:00.0 Off |                    0 |
|  0%   59C    P0    87W / 300W |  34961MiB / 46068MiB |      6%      Default |
|                               |                      |                  N/A |
+-------------------------------+----------------------+----------------------+
|   2  NVIDIA A40          On   | 00000000:B1:00.0 Off |                    0 |
|  0%   68C    P0   231W / 300W |  42247MiB / 46068MiB |    100%      Default |
|                               |                      |                  N/A |
+-------------------------------+----------------------+----------------------+
|   3  NVIDIA A40          On   | 00000000:D9:00.0 Off |                    0 |
|  0%   46C    P8    38W / 300W |      0MiB / 46068MiB |      0%      Default |
|                               |                      |                  N/A |
+-------------------------------+----------------------+----------------------+
                                                                               
+-----------------------------------------------------------------------------+
| Processes:                                                                  |
|  GPU   GI   CI        PID   Type   Process name                  GPU Memory |
|        ID   ID                                                   Usage      |
|=============================================================================|
|    0   N/A  N/A    488363      C   python                          34959MiB |
|    1   N/A  N/A    488369      C   python                          34959MiB |
|    2   N/A  N/A    490485      C   ...envs/final/bin/python3.10    42245MiB |
+-----------------------------------------------------------------------------+
Mon May  8 12:31:27 2023       
+-----------------------------------------------------------------------------+
| NVIDIA-SMI 515.86.01    Driver Version: 515.86.01    CUDA Version: 11.7     |
|-------------------------------+----------------------+----------------------+
| GPU  Name        Persistence-M| Bus-Id        Disp.A | Volatile Uncorr. ECC |
| Fan  Temp  Perf  Pwr:Usage/Cap|         Memory-Usage | GPU-Util  Compute M. |
|                               |                      |               MIG M. |
|===============================+======================+======================|
|   0  NVIDIA A40          On   | 00000000:3B:00.0 Off |                    0 |
|  0%   58C    P0    87W / 300W |  34961MiB / 46068MiB |      6%      Default |
|                               |                      |                  N/A |
+-------------------------------+----------------------+----------------------+
|   1  NVIDIA A40          On   | 00000000:5E:00.0 Off |                    0 |
|  0%   60C    P0    88W / 300W |  34961MiB / 46068MiB |      6%      Default |
|                               |                      |                  N/A |
+-------------------------------+----------------------+----------------------+
|   2  NVIDIA A40          On   | 00000000:B1:00.0 Off |                    0 |
|  0%   60C    P0    86W / 300W |  45301MiB / 46068MiB |      0%      Default |
|                               |                      |                  N/A |
+-------------------------------+----------------------+----------------------+
|   3  NVIDIA A40          On   | 00000000:D9:00.0 Off |                    0 |
|  0%   46C    P8    38W / 300W |      0MiB / 46068MiB |      0%      Default |
|                               |                      |                  N/A |
+-------------------------------+----------------------+----------------------+
                                                                               
+-----------------------------------------------------------------------------+
| Processes:                                                                  |
|  GPU   GI   CI        PID   Type   Process name                  GPU Memory |
|        ID   ID                                                   Usage      |
|=============================================================================|
|    0   N/A  N/A    488363      C   python                          34959MiB |
|    1   N/A  N/A    488369      C   python                          34959MiB |
|    2   N/A  N/A    490485      C   ...envs/final/bin/python3.10    45299MiB |
+-----------------------------------------------------------------------------+
[I 2023-05-08 12:31:38.717 ServerApp] Kernel restarted: 5378f978-9172-4934-bb50-4719f627b157
[I 2023-05-08 12:31:38.723 ServerApp] Starting buffering for 5378f978-9172-4934-bb50-4719f627b157:6a249484-73c4-4ac6-a2a1-5305599331e4
[I 2023-05-08 12:31:38.732 ServerApp] Restoring connection for 5378f978-9172-4934-bb50-4719f627b157:6a249484-73c4-4ac6-a2a1-5305599331e4
[IPKernelApp] ERROR | No such comm target registered: jupyter.widget.control
[IPKernelApp] WARNING | No such comm: 1aabf467-a403-4bcd-a81f-e460b94b5be4
Mon May  8 12:31:51 2023       
+-----------------------------------------------------------------------------+
| NVIDIA-SMI 515.86.01    Driver Version: 515.86.01    CUDA Version: 11.7     |
|-------------------------------+----------------------+----------------------+
| GPU  Name        Persistence-M| Bus-Id        Disp.A | Volatile Uncorr. ECC |
| Fan  Temp  Perf  Pwr:Usage/Cap|         Memory-Usage | GPU-Util  Compute M. |
|                               |                      |               MIG M. |
|===============================+======================+======================|
|   0  NVIDIA A40          On   | 00000000:3B:00.0 Off |                    0 |
|  0%   60C    P0    88W / 300W |  34961MiB / 46068MiB |      6%      Default |
|                               |                      |                  N/A |
+-------------------------------+----------------------+----------------------+
|   1  NVIDIA A40          On   | 00000000:5E:00.0 Off |                    0 |
|  0%   61C    P0    90W / 300W |  34961MiB / 46068MiB |      6%      Default |
|                               |                      |                  N/A |
+-------------------------------+----------------------+----------------------+
|   2  NVIDIA A40          On   | 00000000:B1:00.0 Off |                    0 |
|  0%   71C    P0   236W / 300W |  42247MiB / 46068MiB |    100%      Default |
|                               |                      |                  N/A |
+-------------------------------+----------------------+----------------------+
|   3  NVIDIA A40          On   | 00000000:D9:00.0 Off |                    0 |
|  0%   46C    P8    38W / 300W |      0MiB / 46068MiB |      0%      Default |
|                               |                      |                  N/A |
+-------------------------------+----------------------+----------------------+
                                                                               
+-----------------------------------------------------------------------------+
| Processes:                                                                  |
|  GPU   GI   CI        PID   Type   Process name                  GPU Memory |
|        ID   ID                                                   Usage      |
|=============================================================================|
|    0   N/A  N/A    488363      C   python                          34959MiB |
|    1   N/A  N/A    488369      C   python                          34959MiB |
|    2   N/A  N/A    490523      C   ...envs/final/bin/python3.10    42245MiB |
+-----------------------------------------------------------------------------+
Mon May  8 12:32:02 2023       
+-----------------------------------------------------------------------------+
| NVIDIA-SMI 515.86.01    Driver Version: 515.86.01    CUDA Version: 11.7     |
|-------------------------------+----------------------+----------------------+
| GPU  Name        Persistence-M| Bus-Id        Disp.A | Volatile Uncorr. ECC |
| Fan  Temp  Perf  Pwr:Usage/Cap|         Memory-Usage | GPU-Util  Compute M. |
|                               |                      |               MIG M. |
|===============================+======================+======================|
|   0  NVIDIA A40          On   | 00000000:3B:00.0 Off |                    0 |
|  0%   60C    P0    89W / 300W |  34961MiB / 46068MiB |      6%      Default |
|                               |                      |                  N/A |
+-------------------------------+----------------------+----------------------+
|   1  NVIDIA A40          On   | 00000000:5E:00.0 Off |                    0 |
|  0%   62C    P0    90W / 300W |  34961MiB / 46068MiB |      6%      Default |
|                               |                      |                  N/A |
+-------------------------------+----------------------+----------------------+
|   2  NVIDIA A40          On   | 00000000:B1:00.0 Off |                    0 |
|  0%   62C    P0    88W / 300W |  42247MiB / 46068MiB |      0%      Default |
|                               |                      |                  N/A |
+-------------------------------+----------------------+----------------------+
|   3  NVIDIA A40          On   | 00000000:D9:00.0 Off |                    0 |
|  0%   46C    P8    38W / 300W |      0MiB / 46068MiB |      0%      Default |
|                               |                      |                  N/A |
+-------------------------------+----------------------+----------------------+
                                                                               
+-----------------------------------------------------------------------------+
| Processes:                                                                  |
|  GPU   GI   CI        PID   Type   Process name                  GPU Memory |
|        ID   ID                                                   Usage      |
|=============================================================================|
|    0   N/A  N/A    488363      C   python                          34959MiB |
|    1   N/A  N/A    488369      C   python                          34959MiB |
|    2   N/A  N/A    490523      C   ...envs/final/bin/python3.10    42245MiB |
+-----------------------------------------------------------------------------+
[I 2023-05-08 12:32:48.715 ServerApp] Kernel restarted: 5378f978-9172-4934-bb50-4719f627b157
[I 2023-05-08 12:32:48.732 ServerApp] Starting buffering for 5378f978-9172-4934-bb50-4719f627b157:6a249484-73c4-4ac6-a2a1-5305599331e4
[I 2023-05-08 12:32:48.750 ServerApp] Restoring connection for 5378f978-9172-4934-bb50-4719f627b157:6a249484-73c4-4ac6-a2a1-5305599331e4
[IPKernelApp] ERROR | No such comm target registered: jupyter.widget.control
[IPKernelApp] WARNING | No such comm: bb4e7f27-d881-4ba6-8d91-7b752b4e8620
Mon May  8 12:32:59 2023       
+-----------------------------------------------------------------------------+
| NVIDIA-SMI 515.86.01    Driver Version: 515.86.01    CUDA Version: 11.7     |
|-------------------------------+----------------------+----------------------+
| GPU  Name        Persistence-M| Bus-Id        Disp.A | Volatile Uncorr. ECC |
| Fan  Temp  Perf  Pwr:Usage/Cap|         Memory-Usage | GPU-Util  Compute M. |
|                               |                      |               MIG M. |
|===============================+======================+======================|
|   0  NVIDIA A40          On   | 00000000:3B:00.0 Off |                    0 |
|  0%   56C    P8    38W / 300W |      0MiB / 46068MiB |      0%      Default |
|                               |                      |                  N/A |
+-------------------------------+----------------------+----------------------+
|   1  NVIDIA A40          On   | 00000000:5E:00.0 Off |                    0 |
|  0%   58C    P8    39W / 300W |      0MiB / 46068MiB |      0%      Default |
|                               |                      |                  N/A |
+-------------------------------+----------------------+----------------------+
|   2  NVIDIA A40          On   | 00000000:B1:00.0 Off |                    0 |
|  0%   72C    P0   207W / 300W |  39623MiB / 46068MiB |    100%      Default |
|                               |                      |                  N/A |
+-------------------------------+----------------------+----------------------+
|   3  NVIDIA A40          On   | 00000000:D9:00.0 Off |                    0 |
|  0%   46C    P8    38W / 300W |      0MiB / 46068MiB |      0%      Default |
|                               |                      |                  N/A |
+-------------------------------+----------------------+----------------------+
                                                                               
+-----------------------------------------------------------------------------+
| Processes:                                                                  |
|  GPU   GI   CI        PID   Type   Process name                  GPU Memory |
|        ID   ID                                                   Usage      |
|=============================================================================|
|    2   N/A  N/A    491098      C   ...envs/final/bin/python3.10    39621MiB |
+-----------------------------------------------------------------------------+
[I 2023-05-08 12:33:13.629 ServerApp] Saving file at /notebooks/test_model_random_datat.ipynb
[I 2023-05-08 12:33:40.724 ServerApp] Kernel restarted: 5378f978-9172-4934-bb50-4719f627b157
[I 2023-05-08 12:33:40.732 ServerApp] Starting buffering for 5378f978-9172-4934-bb50-4719f627b157:6a249484-73c4-4ac6-a2a1-5305599331e4
[I 2023-05-08 12:33:40.739 ServerApp] Restoring connection for 5378f978-9172-4934-bb50-4719f627b157:6a249484-73c4-4ac6-a2a1-5305599331e4
[IPKernelApp] ERROR | No such comm target registered: jupyter.widget.control
[IPKernelApp] WARNING | No such comm: 0480ba9e-a79b-45d5-a293-da146b1740bb
Mon May  8 12:33:51 2023       
+-----------------------------------------------------------------------------+
| NVIDIA-SMI 515.86.01    Driver Version: 515.86.01    CUDA Version: 11.7     |
|-------------------------------+----------------------+----------------------+
| GPU  Name        Persistence-M| Bus-Id        Disp.A | Volatile Uncorr. ECC |
| Fan  Temp  Perf  Pwr:Usage/Cap|         Memory-Usage | GPU-Util  Compute M. |
|                               |                      |               MIG M. |
|===============================+======================+======================|
|   0  NVIDIA A40          On   | 00000000:3B:00.0 Off |                    0 |
|  0%   54C    P8    37W / 300W |      0MiB / 46068MiB |      0%      Default |
|                               |                      |                  N/A |
+-------------------------------+----------------------+----------------------+
|   1  NVIDIA A40          On   | 00000000:5E:00.0 Off |                    0 |
|  0%   56C    P8    38W / 300W |      0MiB / 46068MiB |      0%      Default |
|                               |                      |                  N/A |
+-------------------------------+----------------------+----------------------+
|   2  NVIDIA A40          On   | 00000000:B1:00.0 Off |                    0 |
|  0%   72C    P0   193W / 300W |  34215MiB / 46068MiB |     91%      Default |
|                               |                      |                  N/A |
+-------------------------------+----------------------+----------------------+
|   3  NVIDIA A40          On   | 00000000:D9:00.0 Off |                    0 |
|  0%   46C    P8    37W / 300W |      0MiB / 46068MiB |      0%      Default |
|                               |                      |                  N/A |
+-------------------------------+----------------------+----------------------+
                                                                               
+-----------------------------------------------------------------------------+
| Processes:                                                                  |
|  GPU   GI   CI        PID   Type   Process name                  GPU Memory |
|        ID   ID                                                   Usage      |
|=============================================================================|
|    2   N/A  N/A    491135      C   ...envs/final/bin/python3.10    34213MiB |
+-----------------------------------------------------------------------------+
[I 2023-05-08 12:34:05.268 ServerApp] Kernel restarted: 5378f978-9172-4934-bb50-4719f627b157
[I 2023-05-08 12:34:05.277 ServerApp] Starting buffering for 5378f978-9172-4934-bb50-4719f627b157:6a249484-73c4-4ac6-a2a1-5305599331e4
[I 2023-05-08 12:34:05.285 ServerApp] Restoring connection for 5378f978-9172-4934-bb50-4719f627b157:6a249484-73c4-4ac6-a2a1-5305599331e4
[IPKernelApp] ERROR | No such comm target registered: jupyter.widget.control
[IPKernelApp] WARNING | No such comm: 619e8497-3d91-4871-b7db-4ac3eddaa691
Mon May  8 12:34:16 2023       
+-----------------------------------------------------------------------------+
| NVIDIA-SMI 515.86.01    Driver Version: 515.86.01    CUDA Version: 11.7     |
|-------------------------------+----------------------+----------------------+
| GPU  Name        Persistence-M| Bus-Id        Disp.A | Volatile Uncorr. ECC |
| Fan  Temp  Perf  Pwr:Usage/Cap|         Memory-Usage | GPU-Util  Compute M. |
|                               |                      |               MIG M. |
|===============================+======================+======================|
|   0  NVIDIA A40          On   | 00000000:3B:00.0 Off |                    0 |
|  0%   52C    P8    37W / 300W |      2MiB / 46068MiB |      0%      Default |
|                               |                      |                  N/A |
+-------------------------------+----------------------+----------------------+
|   1  NVIDIA A40          On   | 00000000:5E:00.0 Off |                    0 |
|  0%   54C    P8    37W / 300W |      0MiB / 46068MiB |      0%      Default |
|                               |                      |                  N/A |
+-------------------------------+----------------------+----------------------+
|   2  NVIDIA A40          On   | 00000000:B1:00.0 Off |                    0 |
|  0%   65C    P0   107W / 300W |  14397MiB / 46068MiB |      0%      Default |
|                               |                      |                  N/A |
+-------------------------------+----------------------+----------------------+
|   3  NVIDIA A40          On   | 00000000:D9:00.0 Off |                    0 |
|  0%   45C    P8    37W / 300W |      0MiB / 46068MiB |      0%      Default |
|                               |                      |                  N/A |
+-------------------------------+----------------------+----------------------+
                                                                               
+-----------------------------------------------------------------------------+
| Processes:                                                                  |
|  GPU   GI   CI        PID   Type   Process name                  GPU Memory |
|        ID   ID                                                   Usage      |
|=============================================================================|
|    2   N/A  N/A    491231      C   ...envs/final/bin/python3.10    14395MiB |
+-----------------------------------------------------------------------------+
[I 2023-05-08 12:35:13.688 ServerApp] Saving file at /notebooks/test_model_random_datat.ipynb
[I 2023-05-08 12:35:54.873 ServerApp] Saving file at /src/model/my_model.py
[I 2023-05-08 12:36:00.554 ServerApp] Kernel restarted: 5378f978-9172-4934-bb50-4719f627b157
[I 2023-05-08 12:36:00.564 ServerApp] Starting buffering for 5378f978-9172-4934-bb50-4719f627b157:6a249484-73c4-4ac6-a2a1-5305599331e4
[I 2023-05-08 12:36:00.580 ServerApp] Restoring connection for 5378f978-9172-4934-bb50-4719f627b157:6a249484-73c4-4ac6-a2a1-5305599331e4
[IPKernelApp] ERROR | No such comm target registered: jupyter.widget.control
[IPKernelApp] WARNING | No such comm: e97ef6e9-722a-4ec2-b7ab-dcd7191b1736
[I 2023-05-08 12:36:32.994 ServerApp] Saving file at /src/model/my_model.py
[I 2023-05-08 12:36:36.328 ServerApp] Kernel restarted: 5378f978-9172-4934-bb50-4719f627b157
[I 2023-05-08 12:36:36.339 ServerApp] Starting buffering for 5378f978-9172-4934-bb50-4719f627b157:6a249484-73c4-4ac6-a2a1-5305599331e4
[I 2023-05-08 12:36:36.357 ServerApp] Restoring connection for 5378f978-9172-4934-bb50-4719f627b157:6a249484-73c4-4ac6-a2a1-5305599331e4
[IPKernelApp] ERROR | No such comm target registered: jupyter.widget.control
[IPKernelApp] WARNING | No such comm: 33646b74-5802-4ef9-82a4-98948a055b36
Mon May  8 12:36:47 2023       
+-----------------------------------------------------------------------------+
| NVIDIA-SMI 515.86.01    Driver Version: 515.86.01    CUDA Version: 11.7     |
|-------------------------------+----------------------+----------------------+
| GPU  Name        Persistence-M| Bus-Id        Disp.A | Volatile Uncorr. ECC |
| Fan  Temp  Perf  Pwr:Usage/Cap|         Memory-Usage | GPU-Util  Compute M. |
|                               |                      |               MIG M. |
|===============================+======================+======================|
|   0  NVIDIA A40          On   | 00000000:3B:00.0 Off |                    0 |
|  0%   59C    P0    86W / 300W |    785MiB / 46068MiB |      0%      Default |
|                               |                      |                  N/A |
+-------------------------------+----------------------+----------------------+
|   1  NVIDIA A40          On   | 00000000:5E:00.0 Off |                    0 |
|  0%   48C    P8    35W / 300W |      0MiB / 46068MiB |      0%      Default |
|                               |                      |                  N/A |
+-------------------------------+----------------------+----------------------+
|   2  NVIDIA A40          On   | 00000000:B1:00.0 Off |                    0 |
|  0%   72C    P0   238W / 300W |  40911MiB / 46068MiB |    100%      Default |
|                               |                      |                  N/A |
+-------------------------------+----------------------+----------------------+
|   3  NVIDIA A40          On   | 00000000:D9:00.0 Off |                    0 |
|  0%   43C    P8    37W / 300W |      0MiB / 46068MiB |      0%      Default |
|                               |                      |                  N/A |
+-------------------------------+----------------------+----------------------+
                                                                               
+-----------------------------------------------------------------------------+
| Processes:                                                                  |
|  GPU   GI   CI        PID   Type   Process name                  GPU Memory |
|        ID   ID                                                   Usage      |
|=============================================================================|
|    0   N/A  N/A    491215      C   python                            783MiB |
|    2   N/A  N/A    491940      C   ...envs/final/bin/python3.10    40909MiB |
+-----------------------------------------------------------------------------+
[I 2023-05-08 12:37:12.253 ServerApp] Kernel restarted: 5378f978-9172-4934-bb50-4719f627b157
[I 2023-05-08 12:37:12.274 ServerApp] Starting buffering for 5378f978-9172-4934-bb50-4719f627b157:6a249484-73c4-4ac6-a2a1-5305599331e4
[I 2023-05-08 12:37:12.303 ServerApp] Restoring connection for 5378f978-9172-4934-bb50-4719f627b157:6a249484-73c4-4ac6-a2a1-5305599331e4
[I 2023-05-08 12:37:13.790 ServerApp] Saving file at /notebooks/test_model_random_datat.ipynb
[IPKernelApp] ERROR | No such comm target registered: jupyter.widget.control
[IPKernelApp] WARNING | No such comm: 80dfc16f-2a3d-4188-9c13-8e70b01047fd
Mon May  8 12:37:23 2023       
+-----------------------------------------------------------------------------+
| NVIDIA-SMI 515.86.01    Driver Version: 515.86.01    CUDA Version: 11.7     |
|-------------------------------+----------------------+----------------------+
| GPU  Name        Persistence-M| Bus-Id        Disp.A | Volatile Uncorr. ECC |
| Fan  Temp  Perf  Pwr:Usage/Cap|         Memory-Usage | GPU-Util  Compute M. |
|                               |                      |               MIG M. |
|===============================+======================+======================|
|   0  NVIDIA A40          On   | 00000000:3B:00.0 Off |                    0 |
|  0%   59C    P0    87W / 300W |    785MiB / 46068MiB |      0%      Default |
|                               |                      |                  N/A |
+-------------------------------+----------------------+----------------------+
|   1  NVIDIA A40          On   | 00000000:5E:00.0 Off |                    0 |
|  0%   47C    P8    35W / 300W |      0MiB / 46068MiB |      0%      Default |
|                               |                      |                  N/A |
+-------------------------------+----------------------+----------------------+
|   2  NVIDIA A40          On   | 00000000:B1:00.0 Off |                    0 |
|  0%   73C    P0   259W / 300W |  42085MiB / 46068MiB |    100%      Default |
|                               |                      |                  N/A |
+-------------------------------+----------------------+----------------------+
|   3  NVIDIA A40          On   | 00000000:D9:00.0 Off |                    0 |
|  0%   43C    P8    37W / 300W |      0MiB / 46068MiB |      0%      Default |
|                               |                      |                  N/A |
+-------------------------------+----------------------+----------------------+
                                                                               
+-----------------------------------------------------------------------------+
| Processes:                                                                  |
|  GPU   GI   CI        PID   Type   Process name                  GPU Memory |
|        ID   ID                                                   Usage      |
|=============================================================================|
|    0   N/A  N/A    491215      C   python                            783MiB |
|    2   N/A  N/A    491977      C   ...envs/final/bin/python3.10    42083MiB |
+-----------------------------------------------------------------------------+
[I 2023-05-08 12:39:13.943 ServerApp] Saving file at /notebooks/test_model_random_datat.ipynb
[I 2023-05-08 12:41:11.575 ServerApp] Saving file at /src/training/test.py
[I 2023-05-08 12:43:11.693 ServerApp] Saving file at /src/training/test.py
[I 2023-05-08 12:43:22.083 ServerApp] Saving file at /src/training/test.py
[I 2023-05-08 13:16:09.334 ServerApp] Kernel restarted: 5378f978-9172-4934-bb50-4719f627b157
[I 2023-05-08 13:16:09.339 ServerApp] Starting buffering for 5378f978-9172-4934-bb50-4719f627b157:6a249484-73c4-4ac6-a2a1-5305599331e4
[I 2023-05-08 13:16:09.348 ServerApp] Restoring connection for 5378f978-9172-4934-bb50-4719f627b157:6a249484-73c4-4ac6-a2a1-5305599331e4
[IPKernelApp] ERROR | No such comm target registered: jupyter.widget.control
[IPKernelApp] WARNING | No such comm: 58a459f9-57cb-45e8-b13b-475b0870b1b3
Mon May  8 13:16:22 2023       
+-----------------------------------------------------------------------------+
| NVIDIA-SMI 515.86.01    Driver Version: 515.86.01    CUDA Version: 11.7     |
|-------------------------------+----------------------+----------------------+
| GPU  Name        Persistence-M| Bus-Id        Disp.A | Volatile Uncorr. ECC |
| Fan  Temp  Perf  Pwr:Usage/Cap|         Memory-Usage | GPU-Util  Compute M. |
|                               |                      |               MIG M. |
|===============================+======================+======================|
|   0  NVIDIA A40          On   | 00000000:3B:00.0 Off |                    0 |
|  0%   62C    P0    90W / 300W |    785MiB / 46068MiB |      0%      Default |
|                               |                      |                  N/A |
+-------------------------------+----------------------+----------------------+
|   1  NVIDIA A40          On   | 00000000:5E:00.0 Off |                    0 |
|  0%   44C    P8    34W / 300W |      0MiB / 46068MiB |      0%      Default |
|                               |                      |                  N/A |
+-------------------------------+----------------------+----------------------+
|   2  NVIDIA A40          On   | 00000000:B1:00.0 Off |                    0 |
|  0%   72C    P0   255W / 300W |  42247MiB / 46068MiB |    100%      Default |
|                               |                      |                  N/A |
+-------------------------------+----------------------+----------------------+
|   3  NVIDIA A40          On   | 00000000:D9:00.0 Off |                    0 |
|  0%   52C    P8    40W / 300W |      0MiB / 46068MiB |      0%      Default |
|                               |                      |                  N/A |
+-------------------------------+----------------------+----------------------+
                                                                               
+-----------------------------------------------------------------------------+
| Processes:                                                                  |
|  GPU   GI   CI        PID   Type   Process name                  GPU Memory |
|        ID   ID                                                   Usage      |
|=============================================================================|
|    0   N/A  N/A    491215      C   python                            783MiB |
|    2   N/A  N/A    505321      C   ...envs/final/bin/python3.10    42245MiB |
+-----------------------------------------------------------------------------+
[I 2023-05-08 13:17:07.428 ServerApp] Kernel restarted: 5378f978-9172-4934-bb50-4719f627b157
[I 2023-05-08 13:17:07.444 ServerApp] Starting buffering for 5378f978-9172-4934-bb50-4719f627b157:6a249484-73c4-4ac6-a2a1-5305599331e4
[I 2023-05-08 13:17:07.460 ServerApp] Restoring connection for 5378f978-9172-4934-bb50-4719f627b157:6a249484-73c4-4ac6-a2a1-5305599331e4
[IPKernelApp] ERROR | No such comm target registered: jupyter.widget.control
[IPKernelApp] WARNING | No such comm: 84e14eed-80b3-48b4-b2e2-1a7f96b9d86f
Mon May  8 13:17:16 2023       
+-----------------------------------------------------------------------------+
| NVIDIA-SMI 515.86.01    Driver Version: 515.86.01    CUDA Version: 11.7     |
|-------------------------------+----------------------+----------------------+
| GPU  Name        Persistence-M| Bus-Id        Disp.A | Volatile Uncorr. ECC |
| Fan  Temp  Perf  Pwr:Usage/Cap|         Memory-Usage | GPU-Util  Compute M. |
|                               |                      |               MIG M. |
|===============================+======================+======================|
|   0  NVIDIA A40          On   | 00000000:3B:00.0 Off |                    0 |
|  0%   58C    P8    39W / 300W |      0MiB / 46068MiB |      0%      Default |
|                               |                      |                  N/A |
+-------------------------------+----------------------+----------------------+
[I 2023-05-08 13:17:16.727 ServerApp] Saving file at /notebooks/test_model_random_datat.ipynb
|   1  NVIDIA A40          On   | 00000000:5E:00.0 Off |                    0 |
|  0%   44C    P8    34W / 300W |      0MiB / 46068MiB |      0%      Default |
|                               |                      |                  N/A |
+-------------------------------+----------------------+----------------------+
|   2  NVIDIA A40          On   | 00000000:B1:00.0 Off |                    0 |
|  0%   72C    P0   222W / 300W |  39087MiB / 46068MiB |    100%      Default |
|                               |                      |                  N/A |
+-------------------------------+----------------------+----------------------+
|   3  NVIDIA A40          On   | 00000000:D9:00.0 Off |                    0 |
|  0%   49C    P8    39W / 300W |      0MiB / 46068MiB |      0%      Default |
|                               |                      |                  N/A |
+-------------------------------+----------------------+----------------------+
                                                                               
+-----------------------------------------------------------------------------+
| Processes:                                                                  |
|  GPU   GI   CI        PID   Type   Process name                  GPU Memory |
|        ID   ID                                                   Usage      |
|=============================================================================|
|    2   N/A  N/A    505373      C   ...envs/final/bin/python3.10    39085MiB |
+-----------------------------------------------------------------------------+
[I 2023-05-08 13:17:32.232 ServerApp] Kernel restarted: 5378f978-9172-4934-bb50-4719f627b157
[I 2023-05-08 13:17:32.238 ServerApp] Starting buffering for 5378f978-9172-4934-bb50-4719f627b157:6a249484-73c4-4ac6-a2a1-5305599331e4
[I 2023-05-08 13:17:32.245 ServerApp] Restoring connection for 5378f978-9172-4934-bb50-4719f627b157:6a249484-73c4-4ac6-a2a1-5305599331e4
[IPKernelApp] ERROR | No such comm target registered: jupyter.widget.control
[IPKernelApp] WARNING | No such comm: 379856c2-d3b1-480c-bdca-a6e3239eae49
Mon May  8 13:17:41 2023       
+-----------------------------------------------------------------------------+
| NVIDIA-SMI 515.86.01    Driver Version: 515.86.01    CUDA Version: 11.7     |
|-------------------------------+----------------------+----------------------+
| GPU  Name        Persistence-M| Bus-Id        Disp.A | Volatile Uncorr. ECC |
| Fan  Temp  Perf  Pwr:Usage/Cap|         Memory-Usage | GPU-Util  Compute M. |
|                               |                      |               MIG M. |
|===============================+======================+======================|
|   0  NVIDIA A40          On   | 00000000:3B:00.0 Off |                    0 |
|  0%   56C    P8    38W / 300W |      0MiB / 46068MiB |      0%      Default |
|                               |                      |                  N/A |
+-------------------------------+----------------------+----------------------+
|   1  NVIDIA A40          On   | 00000000:5E:00.0 Off |                    0 |
|  0%   44C    P8    34W / 300W |      0MiB / 46068MiB |      0%      Default |
|                               |                      |                  N/A |
+-------------------------------+----------------------+----------------------+
|   2  NVIDIA A40          On   | 00000000:B1:00.0 Off |                    0 |
|  0%   71C    P0   196W / 300W |  33679MiB / 46068MiB |     90%      Default |
|                               |                      |                  N/A |
+-------------------------------+----------------------+----------------------+
|   3  NVIDIA A40          On   | 00000000:D9:00.0 Off |                    0 |
|  0%   48C    P8    38W / 300W |      0MiB / 46068MiB |      0%      Default |
|                               |                      |                  N/A |
+-------------------------------+----------------------+----------------------+
                                                                               
+-----------------------------------------------------------------------------+
| Processes:                                                                  |
|  GPU   GI   CI        PID   Type   Process name                  GPU Memory |
|        ID   ID                                                   Usage      |
|=============================================================================|
|    2   N/A  N/A    505410      C   ...envs/final/bin/python3.10    33677MiB |
+-----------------------------------------------------------------------------+
[I 2023-05-08 13:18:00.371 ServerApp] Kernel restarted: 5378f978-9172-4934-bb50-4719f627b157
[I 2023-05-08 13:18:00.376 ServerApp] Starting buffering for 5378f978-9172-4934-bb50-4719f627b157:6a249484-73c4-4ac6-a2a1-5305599331e4
[I 2023-05-08 13:18:00.384 ServerApp] Restoring connection for 5378f978-9172-4934-bb50-4719f627b157:6a249484-73c4-4ac6-a2a1-5305599331e4
[IPKernelApp] ERROR | No such comm target registered: jupyter.widget.control
[IPKernelApp] WARNING | No such comm: c692c065-9be6-45de-a699-7d5920a4725b
Mon May  8 13:18:11 2023       
+-----------------------------------------------------------------------------+
| NVIDIA-SMI 515.86.01    Driver Version: 515.86.01    CUDA Version: 11.7     |
|-------------------------------+----------------------+----------------------+
| GPU  Name        Persistence-M| Bus-Id        Disp.A | Volatile Uncorr. ECC |
| Fan  Temp  Perf  Pwr:Usage/Cap|         Memory-Usage | GPU-Util  Compute M. |
|                               |                      |               MIG M. |
|===============================+======================+======================|
|   0  NVIDIA A40          On   | 00000000:3B:00.0 Off |                    0 |
|  0%   54C    P8    37W / 300W |      0MiB / 46068MiB |      0%      Default |
|                               |                      |                  N/A |
+-------------------------------+----------------------+----------------------+
|   1  NVIDIA A40          On   | 00000000:5E:00.0 Off |                    0 |
|  0%   44C    P8    34W / 300W |      0MiB / 46068MiB |      0%      Default |
|                               |                      |                  N/A |
+-------------------------------+----------------------+----------------------+
|   2  NVIDIA A40          On   | 00000000:B1:00.0 Off |                    0 |
|  0%   74C    P0   245W / 300W |  40911MiB / 46068MiB |    100%      Default |
|                               |                      |                  N/A |
+-------------------------------+----------------------+----------------------+
|   3  NVIDIA A40          On   | 00000000:D9:00.0 Off |                    0 |
|  0%   47C    P8    38W / 300W |      0MiB / 46068MiB |      0%      Default |
|                               |                      |                  N/A |
+-------------------------------+----------------------+----------------------+
                                                                               
+-----------------------------------------------------------------------------+
| Processes:                                                                  |
|  GPU   GI   CI        PID   Type   Process name                  GPU Memory |
|        ID   ID                                                   Usage      |
|=============================================================================|
|    2   N/A  N/A    505446      C   ...envs/final/bin/python3.10    40909MiB |
+-----------------------------------------------------------------------------+
[I 2023-05-08 13:18:41.565 ServerApp] Kernel restarted: 5378f978-9172-4934-bb50-4719f627b157
[I 2023-05-08 13:18:41.574 ServerApp] Starting buffering for 5378f978-9172-4934-bb50-4719f627b157:6a249484-73c4-4ac6-a2a1-5305599331e4
[I 2023-05-08 13:18:41.590 ServerApp] Restoring connection for 5378f978-9172-4934-bb50-4719f627b157:6a249484-73c4-4ac6-a2a1-5305599331e4
[IPKernelApp] ERROR | No such comm target registered: jupyter.widget.control
[IPKernelApp] WARNING | No such comm: 7fb3a584-ac7b-4305-98f3-0a67b1ce03bc
Mon May  8 13:18:52 2023       
+-----------------------------------------------------------------------------+
| NVIDIA-SMI 515.86.01    Driver Version: 515.86.01    CUDA Version: 11.7     |
|-------------------------------+----------------------+----------------------+
| GPU  Name        Persistence-M| Bus-Id        Disp.A | Volatile Uncorr. ECC |
| Fan  Temp  Perf  Pwr:Usage/Cap|         Memory-Usage | GPU-Util  Compute M. |
|                               |                      |               MIG M. |
|===============================+======================+======================|
|   0  NVIDIA A40          On   | 00000000:3B:00.0 Off |                    0 |
|  0%   51C    P8    36W / 300W |      0MiB / 46068MiB |      0%      Default |
|                               |                      |                  N/A |
+-------------------------------+----------------------+----------------------+
|   1  NVIDIA A40          On   | 00000000:5E:00.0 Off |                    0 |
|  0%   44C    P8    34W / 300W |      0MiB / 46068MiB |      0%      Default |
|                               |                      |                  N/A |
+-------------------------------+----------------------+----------------------+
|   2  NVIDIA A40          On   | 00000000:B1:00.0 Off |                    0 |
|  0%   74C    P0   252W / 300W |  41965MiB / 46068MiB |    100%      Default |
|                               |                      |                  N/A |
+-------------------------------+----------------------+----------------------+
|   3  NVIDIA A40          On   | 00000000:D9:00.0 Off |                    0 |
|  0%   46C    P8    37W / 300W |      0MiB / 46068MiB |      0%      Default |
|                               |                      |                  N/A |
+-------------------------------+----------------------+----------------------+
                                                                               
+-----------------------------------------------------------------------------+
| Processes:                                                                  |
|  GPU   GI   CI        PID   Type   Process name                  GPU Memory |
|        ID   ID                                                   Usage      |
|=============================================================================|
|    2   N/A  N/A    505483      C   ...envs/final/bin/python3.10    41963MiB |
+-----------------------------------------------------------------------------+
[I 2023-05-08 13:19:16.817 ServerApp] Saving file at /notebooks/test_model_random_datat.ipynb
[I 2023-05-08 13:20:56.988 ServerApp] Kernel restarted: 5378f978-9172-4934-bb50-4719f627b157
[I 2023-05-08 13:20:57.000 ServerApp] Starting buffering for 5378f978-9172-4934-bb50-4719f627b157:6a249484-73c4-4ac6-a2a1-5305599331e4
[I 2023-05-08 13:20:57.013 ServerApp] Restoring connection for 5378f978-9172-4934-bb50-4719f627b157:6a249484-73c4-4ac6-a2a1-5305599331e4
[IPKernelApp] ERROR | No such comm target registered: jupyter.widget.control
[IPKernelApp] WARNING | No such comm: 95fba232-25c6-4970-b1ba-c75eb50b65d4
Mon May  8 13:21:07 2023       
+-----------------------------------------------------------------------------+
| NVIDIA-SMI 515.86.01    Driver Version: 515.86.01    CUDA Version: 11.7     |
|-------------------------------+----------------------+----------------------+
| GPU  Name        Persistence-M| Bus-Id        Disp.A | Volatile Uncorr. ECC |
| Fan  Temp  Perf  Pwr:Usage/Cap|         Memory-Usage | GPU-Util  Compute M. |
|                               |                      |               MIG M. |
|===============================+======================+======================|
|   0  NVIDIA A40          On   | 00000000:3B:00.0 Off |                    0 |
|  0%   46C    P8    35W / 300W |      0MiB / 46068MiB |      0%      Default |
|                               |                      |                  N/A |
+-------------------------------+----------------------+----------------------+
|   1  NVIDIA A40          On   | 00000000:5E:00.0 Off |                    0 |
|  0%   44C    P8    34W / 300W |      0MiB / 46068MiB |      0%      Default |
|                               |                      |                  N/A |
+-------------------------------+----------------------+----------------------+
|   2  NVIDIA A40          On   | 00000000:B1:00.0 Off |                    0 |
|  0%   73C    P0   270W / 300W |  41935MiB / 46068MiB |    100%      Default |
|                               |                      |                  N/A |
+-------------------------------+----------------------+----------------------+
|   3  NVIDIA A40          On   | 00000000:D9:00.0 Off |                    0 |
|  0%   43C    P8    37W / 300W |      0MiB / 46068MiB |      0%      Default |
|                               |                      |                  N/A |
+-------------------------------+----------------------+----------------------+
                                                                               
+-----------------------------------------------------------------------------+
| Processes:                                                                  |
|  GPU   GI   CI        PID   Type   Process name                  GPU Memory |
|        ID   ID                                                   Usage      |
|=============================================================================|
|    2   N/A  N/A    506300      C   ...envs/final/bin/python3.10    41933MiB |
+-----------------------------------------------------------------------------+
[I 2023-05-08 13:21:16.860 ServerApp] Saving file at /notebooks/test_model_random_datat.ipynb
[I 2023-05-08 13:22:09.077 ServerApp] Kernel restarted: 5378f978-9172-4934-bb50-4719f627b157
[I 2023-05-08 13:22:09.084 ServerApp] Starting buffering for 5378f978-9172-4934-bb50-4719f627b157:6a249484-73c4-4ac6-a2a1-5305599331e4
[I 2023-05-08 13:22:09.101 ServerApp] Restoring connection for 5378f978-9172-4934-bb50-4719f627b157:6a249484-73c4-4ac6-a2a1-5305599331e4
[IPKernelApp] ERROR | No such comm target registered: jupyter.widget.control
[IPKernelApp] WARNING | No such comm: 1cfb1d2a-7681-4339-a07f-7e4d3abb4fa6
Mon May  8 13:22:21 2023       
+-----------------------------------------------------------------------------+
| NVIDIA-SMI 515.86.01    Driver Version: 515.86.01    CUDA Version: 11.7     |
|-------------------------------+----------------------+----------------------+
| GPU  Name        Persistence-M| Bus-Id        Disp.A | Volatile Uncorr. ECC |
| Fan  Temp  Perf  Pwr:Usage/Cap|         Memory-Usage | GPU-Util  Compute M. |
|                               |                      |               MIG M. |
|===============================+======================+======================|
|   0  NVIDIA A40          On   | 00000000:3B:00.0 Off |                    0 |
|  0%   44C    P8    34W / 300W |      0MiB / 46068MiB |      0%      Default |
|                               |                      |                  N/A |
+-------------------------------+----------------------+----------------------+
|   1  NVIDIA A40          On   | 00000000:5E:00.0 Off |                    0 |
|  0%   44C    P8    34W / 300W |      0MiB / 46068MiB |      0%      Default |
|                               |                      |                  N/A |
+-------------------------------+----------------------+----------------------+
|   2  NVIDIA A40          On   | 00000000:B1:00.0 Off |                    0 |
|  0%   71C    P0   242W / 300W |  42211MiB / 46068MiB |    100%      Default |
|                               |                      |                  N/A |
+-------------------------------+----------------------+----------------------+
|   3  NVIDIA A40          On   | 00000000:D9:00.0 Off |                    0 |
|  0%   43C    P8    37W / 300W |      0MiB / 46068MiB |      0%      Default |
|                               |                      |                  N/A |
+-------------------------------+----------------------+----------------------+
                                                                               
+-----------------------------------------------------------------------------+
| Processes:                                                                  |
|  GPU   GI   CI        PID   Type   Process name                  GPU Memory |
|        ID   ID                                                   Usage      |
|=============================================================================|
|    2   N/A  N/A    506337      C   ...envs/final/bin/python3.10    42209MiB |
+-----------------------------------------------------------------------------+
[I 2023-05-08 13:23:16.923 ServerApp] Saving file at /notebooks/test_model_random_datat.ipynb
[I 2023-05-08 13:24:03.649 ServerApp] Kernel restarted: 5378f978-9172-4934-bb50-4719f627b157
[I 2023-05-08 13:24:03.661 ServerApp] Starting buffering for 5378f978-9172-4934-bb50-4719f627b157:6a249484-73c4-4ac6-a2a1-5305599331e4
[I 2023-05-08 13:24:03.678 ServerApp] Restoring connection for 5378f978-9172-4934-bb50-4719f627b157:6a249484-73c4-4ac6-a2a1-5305599331e4
[IPKernelApp] ERROR | No such comm target registered: jupyter.widget.control
[IPKernelApp] WARNING | No such comm: 364137e2-49c5-43df-8098-04e2ae4d3921
Mon May  8 13:24:14 2023       
+-----------------------------------------------------------------------------+
| NVIDIA-SMI 515.86.01    Driver Version: 515.86.01    CUDA Version: 11.7     |
|-------------------------------+----------------------+----------------------+
| GPU  Name        Persistence-M| Bus-Id        Disp.A | Volatile Uncorr. ECC |
| Fan  Temp  Perf  Pwr:Usage/Cap|         Memory-Usage | GPU-Util  Compute M. |
|                               |                      |               MIG M. |
|===============================+======================+======================|
|   0  NVIDIA A40          On   | 00000000:3B:00.0 Off |                    0 |
|  0%   43C    P8    34W / 300W |      0MiB / 46068MiB |      0%      Default |
|                               |                      |                  N/A |
+-------------------------------+----------------------+----------------------+
|   1  NVIDIA A40          On   | 00000000:5E:00.0 Off |                    0 |
|  0%   43C    P8    34W / 300W |      0MiB / 46068MiB |      0%      Default |
|                               |                      |                  N/A |
+-------------------------------+----------------------+----------------------+
|   2  NVIDIA A40          On   | 00000000:B1:00.0 Off |                    0 |
|  0%   68C    P0   251W / 300W |  29859MiB / 46068MiB |    100%      Default |
|                               |                      |                  N/A |
+-------------------------------+----------------------+----------------------+
|   3  NVIDIA A40          On   | 00000000:D9:00.0 Off |                    0 |
|  0%   42C    P8    36W / 300W |      0MiB / 46068MiB |      0%      Default |
|                               |                      |                  N/A |
+-------------------------------+----------------------+----------------------+
                                                                               
+-----------------------------------------------------------------------------+
| Processes:                                                                  |
|  GPU   GI   CI        PID   Type   Process name                  GPU Memory |
|        ID   ID                                                   Usage      |
|=============================================================================|
|    2   N/A  N/A    506376      C   ...envs/final/bin/python3.10    29857MiB |
+-----------------------------------------------------------------------------+
[I 2023-05-08 13:24:57.621 ServerApp] Kernel restarted: 5378f978-9172-4934-bb50-4719f627b157
[I 2023-05-08 13:24:57.626 ServerApp] Starting buffering for 5378f978-9172-4934-bb50-4719f627b157:6a249484-73c4-4ac6-a2a1-5305599331e4
[I 2023-05-08 13:24:57.633 ServerApp] Restoring connection for 5378f978-9172-4934-bb50-4719f627b157:6a249484-73c4-4ac6-a2a1-5305599331e4
[IPKernelApp] ERROR | No such comm target registered: jupyter.widget.control
[IPKernelApp] WARNING | No such comm: 9eebccc1-36ca-4193-b82f-ddedd5c92370
Mon May  8 13:25:08 2023       
+-----------------------------------------------------------------------------+
| NVIDIA-SMI 515.86.01    Driver Version: 515.86.01    CUDA Version: 11.7     |
|-------------------------------+----------------------+----------------------+
| GPU  Name        Persistence-M| Bus-Id        Disp.A | Volatile Uncorr. ECC |
| Fan  Temp  Perf  Pwr:Usage/Cap|         Memory-Usage | GPU-Util  Compute M. |
|                               |                      |               MIG M. |
|===============================+======================+======================|
|   0  NVIDIA A40          On   | 00000000:3B:00.0 Off |                    0 |
|  0%   42C    P8    34W / 300W |      0MiB / 46068MiB |      0%      Default |
|                               |                      |                  N/A |
+-------------------------------+----------------------+----------------------+
|   1  NVIDIA A40          On   | 00000000:5E:00.0 Off |                    0 |
|  0%   43C    P8    34W / 300W |      0MiB / 46068MiB |      0%      Default |
|                               |                      |                  N/A |
+-------------------------------+----------------------+----------------------+
|   2  NVIDIA A40          On   | 00000000:B1:00.0 Off |                    0 |
|  0%   68C    P0   247W / 300W |  29869MiB / 46068MiB |    100%      Default |
|                               |                      |                  N/A |
+-------------------------------+----------------------+----------------------+
|   3  NVIDIA A40          On   | 00000000:D9:00.0 Off |                    0 |
|  0%   42C    P8    36W / 300W |      0MiB / 46068MiB |      0%      Default |
|                               |                      |                  N/A |
+-------------------------------+----------------------+----------------------+
                                                                               
+-----------------------------------------------------------------------------+
| Processes:                                                                  |
|  GPU   GI   CI        PID   Type   Process name                  GPU Memory |
|        ID   ID                                                   Usage      |
|=============================================================================|
|    2   N/A  N/A    506415      C   ...envs/final/bin/python3.10    29867MiB |
+-----------------------------------------------------------------------------+
[I 2023-05-08 13:25:16.972 ServerApp] Saving file at /notebooks/test_model_random_datat.ipynb
[I 2023-05-08 13:26:05.496 ServerApp] Kernel restarted: 5378f978-9172-4934-bb50-4719f627b157
[I 2023-05-08 13:26:05.501 ServerApp] Starting buffering for 5378f978-9172-4934-bb50-4719f627b157:6a249484-73c4-4ac6-a2a1-5305599331e4
[I 2023-05-08 13:26:05.508 ServerApp] Restoring connection for 5378f978-9172-4934-bb50-4719f627b157:6a249484-73c4-4ac6-a2a1-5305599331e4
[IPKernelApp] ERROR | No such comm target registered: jupyter.widget.control
[IPKernelApp] WARNING | No such comm: 865dc036-260c-4383-b59c-ceaa5a95cb9f
Mon May  8 13:26:16 2023       
+-----------------------------------------------------------------------------+
| NVIDIA-SMI 515.86.01    Driver Version: 515.86.01    CUDA Version: 11.7     |
|-------------------------------+----------------------+----------------------+
| GPU  Name        Persistence-M| Bus-Id        Disp.A | Volatile Uncorr. ECC |
| Fan  Temp  Perf  Pwr:Usage/Cap|         Memory-Usage | GPU-Util  Compute M. |
|                               |                      |               MIG M. |
|===============================+======================+======================|
|   0  NVIDIA A40          On   | 00000000:3B:00.0 Off |                    0 |
|  0%   42C    P8    34W / 300W |      0MiB / 46068MiB |      0%      Default |
|                               |                      |                  N/A |
+-------------------------------+----------------------+----------------------+
|   1  NVIDIA A40          On   | 00000000:5E:00.0 Off |                    0 |
|  0%   43C    P8    34W / 300W |      0MiB / 46068MiB |      0%      Default |
|                               |                      |                  N/A |
+-------------------------------+----------------------+----------------------+
|   2  NVIDIA A40          On   | 00000000:B1:00.0 Off |                    0 |
|  0%   68C    P0   231W / 300W |  29735MiB / 46068MiB |     83%      Default |
|                               |                      |                  N/A |
+-------------------------------+----------------------+----------------------+
|   3  NVIDIA A40          On   | 00000000:D9:00.0 Off |                    0 |
|  0%   42C    P8    36W / 300W |      0MiB / 46068MiB |      0%      Default |
|                               |                      |                  N/A |
+-------------------------------+----------------------+----------------------+
                                                                               
+-----------------------------------------------------------------------------+
| Processes:                                                                  |
|  GPU   GI   CI        PID   Type   Process name                  GPU Memory |
|        ID   ID                                                   Usage      |
|=============================================================================|
|    2   N/A  N/A    506974      C   ...envs/final/bin/python3.10    29733MiB |
+-----------------------------------------------------------------------------+
[I 2023-05-08 13:27:09.084 ServerApp] Kernel restarted: 5378f978-9172-4934-bb50-4719f627b157
[I 2023-05-08 13:27:09.090 ServerApp] Starting buffering for 5378f978-9172-4934-bb50-4719f627b157:6a249484-73c4-4ac6-a2a1-5305599331e4
[I 2023-05-08 13:27:09.098 ServerApp] Restoring connection for 5378f978-9172-4934-bb50-4719f627b157:6a249484-73c4-4ac6-a2a1-5305599331e4
[IPKernelApp] ERROR | No such comm target registered: jupyter.widget.control
[IPKernelApp] WARNING | No such comm: e67b7a44-3acb-40e2-8db6-bdfd9d6a294b
[I 2023-05-08 13:27:17.030 ServerApp] Saving file at /notebooks/test_model_random_datat.ipynb
Mon May  8 13:27:19 2023       
+-----------------------------------------------------------------------------+
| NVIDIA-SMI 515.86.01    Driver Version: 515.86.01    CUDA Version: 11.7     |
|-------------------------------+----------------------+----------------------+
| GPU  Name        Persistence-M| Bus-Id        Disp.A | Volatile Uncorr. ECC |
| Fan  Temp  Perf  Pwr:Usage/Cap|         Memory-Usage | GPU-Util  Compute M. |
|                               |                      |               MIG M. |
|===============================+======================+======================|
|   0  NVIDIA A40          On   | 00000000:3B:00.0 Off |                    0 |
|  0%   42C    P8    34W / 300W |      0MiB / 46068MiB |      0%      Default |
|                               |                      |                  N/A |
+-------------------------------+----------------------+----------------------+
|   1  NVIDIA A40          On   | 00000000:5E:00.0 Off |                    0 |
|  0%   43C    P8    34W / 300W |      0MiB / 46068MiB |      0%      Default |
|                               |                      |                  N/A |
+-------------------------------+----------------------+----------------------+
|   2  NVIDIA A40          On   | 00000000:B1:00.0 Off |                    0 |
|  0%   68C    P0   268W / 300W |  29781MiB / 46068MiB |    100%      Default |
|                               |                      |                  N/A |
+-------------------------------+----------------------+----------------------+
|   3  NVIDIA A40          On   | 00000000:D9:00.0 Off |                    0 |
|  0%   42C    P8    36W / 300W |      0MiB / 46068MiB |      0%      Default |
|                               |                      |                  N/A |
+-------------------------------+----------------------+----------------------+
                                                                               
+-----------------------------------------------------------------------------+
| Processes:                                                                  |
|  GPU   GI   CI        PID   Type   Process name                  GPU Memory |
|        ID   ID                                                   Usage      |
|=============================================================================|
|    2   N/A  N/A    507013      C   ...envs/final/bin/python3.10    29779MiB |
+-----------------------------------------------------------------------------+
[I 2023-05-08 13:27:39.209 ServerApp] Kernel restarted: 5378f978-9172-4934-bb50-4719f627b157
[I 2023-05-08 13:27:39.220 ServerApp] Starting buffering for 5378f978-9172-4934-bb50-4719f627b157:6a249484-73c4-4ac6-a2a1-5305599331e4
[I 2023-05-08 13:27:39.239 ServerApp] Restoring connection for 5378f978-9172-4934-bb50-4719f627b157:6a249484-73c4-4ac6-a2a1-5305599331e4
[IPKernelApp] ERROR | No such comm target registered: jupyter.widget.control
[IPKernelApp] WARNING | No such comm: 58cd2da4-a589-4c72-889a-b5c3e5a26ffb
Mon May  8 13:27:49 2023       
+-----------------------------------------------------------------------------+
| NVIDIA-SMI 515.86.01    Driver Version: 515.86.01    CUDA Version: 11.7     |
|-------------------------------+----------------------+----------------------+
| GPU  Name        Persistence-M| Bus-Id        Disp.A | Volatile Uncorr. ECC |
| Fan  Temp  Perf  Pwr:Usage/Cap|         Memory-Usage | GPU-Util  Compute M. |
|                               |                      |               MIG M. |
|===============================+======================+======================|
|   0  NVIDIA A40          On   | 00000000:3B:00.0 Off |                    0 |
|  0%   42C    P8    34W / 300W |      0MiB / 46068MiB |      0%      Default |
|                               |                      |                  N/A |
+-------------------------------+----------------------+----------------------+
|   1  NVIDIA A40          On   | 00000000:5E:00.0 Off |                    0 |
|  0%   43C    P8    34W / 300W |      0MiB / 46068MiB |      0%      Default |
|                               |                      |                  N/A |
+-------------------------------+----------------------+----------------------+
|   2  NVIDIA A40          On   | 00000000:B1:00.0 Off |                    0 |
|  0%   68C    P0   261W / 300W |  29735MiB / 46068MiB |    100%      Default |
|                               |                      |                  N/A |
+-------------------------------+----------------------+----------------------+
|   3  NVIDIA A40          On   | 00000000:D9:00.0 Off |                    0 |
|  0%   42C    P8    36W / 300W |      0MiB / 46068MiB |      0%      Default |
|                               |                      |                  N/A |
+-------------------------------+----------------------+----------------------+
                                                                               
+-----------------------------------------------------------------------------+
| Processes:                                                                  |
|  GPU   GI   CI        PID   Type   Process name                  GPU Memory |
|        ID   ID                                                   Usage      |
|=============================================================================|
|    2   N/A  N/A    507049      C   ...envs/final/bin/python3.10    29733MiB |
+-----------------------------------------------------------------------------+
[I 2023-05-08 13:28:20.724 ServerApp] Kernel restarted: 5378f978-9172-4934-bb50-4719f627b157
[I 2023-05-08 13:28:20.731 ServerApp] Starting buffering for 5378f978-9172-4934-bb50-4719f627b157:6a249484-73c4-4ac6-a2a1-5305599331e4
[I 2023-05-08 13:28:20.742 ServerApp] Restoring connection for 5378f978-9172-4934-bb50-4719f627b157:6a249484-73c4-4ac6-a2a1-5305599331e4
[IPKernelApp] ERROR | No such comm target registered: jupyter.widget.control
[IPKernelApp] WARNING | No such comm: 786ea80f-a400-4e79-8110-158a03ec8f20
Mon May  8 13:28:31 2023       
+-----------------------------------------------------------------------------+
| NVIDIA-SMI 515.86.01    Driver Version: 515.86.01    CUDA Version: 11.7     |
|-------------------------------+----------------------+----------------------+
| GPU  Name        Persistence-M| Bus-Id        Disp.A | Volatile Uncorr. ECC |
| Fan  Temp  Perf  Pwr:Usage/Cap|         Memory-Usage | GPU-Util  Compute M. |
|                               |                      |               MIG M. |
|===============================+======================+======================|
|   0  NVIDIA A40          On   | 00000000:3B:00.0 Off |                    0 |
|  0%   42C    P8    34W / 300W |      0MiB / 46068MiB |      0%      Default |
|                               |                      |                  N/A |
+-------------------------------+----------------------+----------------------+
|   1  NVIDIA A40          On   | 00000000:5E:00.0 Off |                    0 |
|  0%   43C    P8    34W / 300W |      0MiB / 46068MiB |      0%      Default |
|                               |                      |                  N/A |
+-------------------------------+----------------------+----------------------+
|   2  NVIDIA A40          On   | 00000000:B1:00.0 Off |                    0 |
|  0%   69C    P0   249W / 300W |  29735MiB / 46068MiB |     73%      Default |
|                               |                      |                  N/A |
+-------------------------------+----------------------+----------------------+
|   3  NVIDIA A40          On   | 00000000:D9:00.0 Off |                    0 |
|  0%   42C    P8    36W / 300W |      0MiB / 46068MiB |      0%      Default |
|                               |                      |                  N/A |
+-------------------------------+----------------------+----------------------+
                                                                               
+-----------------------------------------------------------------------------+
| Processes:                                                                  |
|  GPU   GI   CI        PID   Type   Process name                  GPU Memory |
|        ID   ID                                                   Usage      |
|=============================================================================|
|    2   N/A  N/A    507086      C   ...envs/final/bin/python3.10    29733MiB |
+-----------------------------------------------------------------------------+
[I 2023-05-08 13:28:51.895 ServerApp] Kernel restarted: 5378f978-9172-4934-bb50-4719f627b157
[I 2023-05-08 13:28:51.904 ServerApp] Starting buffering for 5378f978-9172-4934-bb50-4719f627b157:6a249484-73c4-4ac6-a2a1-5305599331e4
[I 2023-05-08 13:28:51.919 ServerApp] Restoring connection for 5378f978-9172-4934-bb50-4719f627b157:6a249484-73c4-4ac6-a2a1-5305599331e4
[IPKernelApp] ERROR | No such comm target registered: jupyter.widget.control
[IPKernelApp] WARNING | No such comm: 702c81bf-b08d-405a-8ad4-de0b8180402b
[I 2023-05-08 13:29:17.236 ServerApp] Saving file at /notebooks/test_model_random_datat.ipynb
[I 2023-05-08 13:29:17.635 ServerApp] Kernel restarted: 5378f978-9172-4934-bb50-4719f627b157
[I 2023-05-08 13:29:17.644 ServerApp] Starting buffering for 5378f978-9172-4934-bb50-4719f627b157:6a249484-73c4-4ac6-a2a1-5305599331e4
[I 2023-05-08 13:29:17.659 ServerApp] Restoring connection for 5378f978-9172-4934-bb50-4719f627b157:6a249484-73c4-4ac6-a2a1-5305599331e4
[IPKernelApp] ERROR | No such comm target registered: jupyter.widget.control
[IPKernelApp] WARNING | No such comm: 319c9daf-a2d3-4ab0-9dfd-fbd17680e810
Mon May  8 13:29:28 2023       
+-----------------------------------------------------------------------------+
| NVIDIA-SMI 515.86.01    Driver Version: 515.86.01    CUDA Version: 11.7     |
|-------------------------------+----------------------+----------------------+
| GPU  Name        Persistence-M| Bus-Id        Disp.A | Volatile Uncorr. ECC |
| Fan  Temp  Perf  Pwr:Usage/Cap|         Memory-Usage | GPU-Util  Compute M. |
|                               |                      |               MIG M. |
|===============================+======================+======================|
|   0  NVIDIA A40          On   | 00000000:3B:00.0 Off |                    0 |
|  0%   42C    P8    34W / 300W |      0MiB / 46068MiB |      0%      Default |
|                               |                      |                  N/A |
+-------------------------------+----------------------+----------------------+
|   1  NVIDIA A40          On   | 00000000:5E:00.0 Off |                    0 |
|  0%   43C    P8    34W / 300W |      0MiB / 46068MiB |      0%      Default |
|                               |                      |                  N/A |
+-------------------------------+----------------------+----------------------+
|   2  NVIDIA A40          On   | 00000000:B1:00.0 Off |                    0 |
|  0%   68C    P0   257W / 300W |  33885MiB / 46068MiB |     95%      Default |
|                               |                      |                  N/A |
+-------------------------------+----------------------+----------------------+
|   3  NVIDIA A40          On   | 00000000:D9:00.0 Off |                    0 |
|  0%   42C    P8    36W / 300W |      0MiB / 46068MiB |      0%      Default |
|                               |                      |                  N/A |
+-------------------------------+----------------------+----------------------+
                                                                               
+-----------------------------------------------------------------------------+
| Processes:                                                                  |
|  GPU   GI   CI        PID   Type   Process name                  GPU Memory |
|        ID   ID                                                   Usage      |
|=============================================================================|
|    2   N/A  N/A    507155      C   ...envs/final/bin/python3.10    33883MiB |
+-----------------------------------------------------------------------------+
[I 2023-05-08 13:30:20.462 ServerApp] Kernel restarted: 5378f978-9172-4934-bb50-4719f627b157
[I 2023-05-08 13:30:20.478 ServerApp] Starting buffering for 5378f978-9172-4934-bb50-4719f627b157:6a249484-73c4-4ac6-a2a1-5305599331e4
[I 2023-05-08 13:30:20.498 ServerApp] Restoring connection for 5378f978-9172-4934-bb50-4719f627b157:6a249484-73c4-4ac6-a2a1-5305599331e4
[IPKernelApp] ERROR | No such comm target registered: jupyter.widget.control
[IPKernelApp] WARNING | No such comm: 9870fefe-265b-4928-80c3-436b2163567c
Mon May  8 13:30:32 2023       
+-----------------------------------------------------------------------------+
| NVIDIA-SMI 515.86.01    Driver Version: 515.86.01    CUDA Version: 11.7     |
|-------------------------------+----------------------+----------------------+
| GPU  Name        Persistence-M| Bus-Id        Disp.A | Volatile Uncorr. ECC |
| Fan  Temp  Perf  Pwr:Usage/Cap|         Memory-Usage | GPU-Util  Compute M. |
|                               |                      |               MIG M. |
|===============================+======================+======================|
|   0  NVIDIA A40          On   | 00000000:3B:00.0 Off |                    0 |
|  0%   42C    P8    34W / 300W |      0MiB / 46068MiB |      0%      Default |
|                               |                      |                  N/A |
+-------------------------------+----------------------+----------------------+
|   1  NVIDIA A40          On   | 00000000:5E:00.0 Off |                    0 |
|  0%   43C    P8    34W / 300W |      0MiB / 46068MiB |      0%      Default |
|                               |                      |                  N/A |
+-------------------------------+----------------------+----------------------+
|   2  NVIDIA A40          On   | 00000000:B1:00.0 Off |                    0 |
|  0%   63C    P0    96W / 300W |  45117MiB / 46068MiB |      0%      Default |
|                               |                      |                  N/A |
+-------------------------------+----------------------+----------------------+
|   3  NVIDIA A40          On   | 00000000:D9:00.0 Off |                    0 |
|  0%   42C    P8    36W / 300W |      0MiB / 46068MiB |      0%      Default |
|                               |                      |                  N/A |
+-------------------------------+----------------------+----------------------+
                                                                               
+-----------------------------------------------------------------------------+
| Processes:                                                                  |
|  GPU   GI   CI        PID   Type   Process name                  GPU Memory |
|        ID   ID                                                   Usage      |
|=============================================================================|
|    2   N/A  N/A    507455      C   ...envs/final/bin/python3.10    45115MiB |
+-----------------------------------------------------------------------------+
[I 2023-05-08 13:30:48.053 ServerApp] Kernel restarted: 5378f978-9172-4934-bb50-4719f627b157
[I 2023-05-08 13:30:48.058 ServerApp] Starting buffering for 5378f978-9172-4934-bb50-4719f627b157:6a249484-73c4-4ac6-a2a1-5305599331e4
[I 2023-05-08 13:30:48.065 ServerApp] Restoring connection for 5378f978-9172-4934-bb50-4719f627b157:6a249484-73c4-4ac6-a2a1-5305599331e4
[IPKernelApp] ERROR | No such comm target registered: jupyter.widget.control
[IPKernelApp] WARNING | No such comm: e671c3f3-7e20-4d10-97e2-b9e5b02457dc
Mon May  8 13:31:00 2023       
+-----------------------------------------------------------------------------+
| NVIDIA-SMI 515.86.01    Driver Version: 515.86.01    CUDA Version: 11.7     |
|-------------------------------+----------------------+----------------------+
| GPU  Name        Persistence-M| Bus-Id        Disp.A | Volatile Uncorr. ECC |
| Fan  Temp  Perf  Pwr:Usage/Cap|         Memory-Usage | GPU-Util  Compute M. |
|                               |                      |               MIG M. |
|===============================+======================+======================|
|   0  NVIDIA A40          On   | 00000000:3B:00.0 Off |                    0 |
|  0%   42C    P8    34W / 300W |      0MiB / 46068MiB |      0%      Default |
|                               |                      |                  N/A |
+-------------------------------+----------------------+----------------------+
|   1  NVIDIA A40          On   | 00000000:5E:00.0 Off |                    0 |
|  0%   43C    P8    34W / 300W |      0MiB / 46068MiB |      0%      Default |
|                               |                      |                  N/A |
+-------------------------------+----------------------+----------------------+
|   2  NVIDIA A40          On   | 00000000:B1:00.0 Off |                    0 |
|  0%   72C    P0   250W / 300W |  42217MiB / 46068MiB |    100%      Default |
|                               |                      |                  N/A |
+-------------------------------+----------------------+----------------------+
|   3  NVIDIA A40          On   | 00000000:D9:00.0 Off |                    0 |
|  0%   42C    P8    36W / 300W |      0MiB / 46068MiB |      0%      Default |
|                               |                      |                  N/A |
+-------------------------------+----------------------+----------------------+
                                                                               
+-----------------------------------------------------------------------------+
| Processes:                                                                  |
|  GPU   GI   CI        PID   Type   Process name                  GPU Memory |
|        ID   ID                                                   Usage      |
|=============================================================================|
|    2   N/A  N/A    507754      C   ...envs/final/bin/python3.10    42215MiB |
+-----------------------------------------------------------------------------+
[I 2023-05-08 13:31:17.306 ServerApp] Saving file at /notebooks/test_model_random_datat.ipynb
[I 2023-05-08 13:33:18.889 ServerApp] Saving file at /notebooks/test_model_random_datat.ipynb
[I 2023-05-08 13:33:39.608 ServerApp] Kernel restarted: 5378f978-9172-4934-bb50-4719f627b157
[I 2023-05-08 13:33:39.625 ServerApp] Starting buffering for 5378f978-9172-4934-bb50-4719f627b157:6a249484-73c4-4ac6-a2a1-5305599331e4
[I 2023-05-08 13:33:39.646 ServerApp] Restoring connection for 5378f978-9172-4934-bb50-4719f627b157:6a249484-73c4-4ac6-a2a1-5305599331e4
[IPKernelApp] ERROR | No such comm target registered: jupyter.widget.control
[IPKernelApp] WARNING | No such comm: eacf3e23-2477-410b-a899-8f37acc13bbb
Mon May  8 13:33:50 2023       
+-----------------------------------------------------------------------------+
| NVIDIA-SMI 515.86.01    Driver Version: 515.86.01    CUDA Version: 11.7     |
|-------------------------------+----------------------+----------------------+
| GPU  Name        Persistence-M| Bus-Id        Disp.A | Volatile Uncorr. ECC |
| Fan  Temp  Perf  Pwr:Usage/Cap|         Memory-Usage | GPU-Util  Compute M. |
|                               |                      |               MIG M. |
|===============================+======================+======================|
|   0  NVIDIA A40          On   | 00000000:3B:00.0 Off |                    0 |
|  0%   43C    P8    34W / 300W |      0MiB / 46068MiB |      0%      Default |
|                               |                      |                  N/A |
+-------------------------------+----------------------+----------------------+
|   1  NVIDIA A40          On   | 00000000:5E:00.0 Off |                    0 |
|  0%   44C    P8    34W / 300W |      0MiB / 46068MiB |      0%      Default |
|                               |                      |                  N/A |
+-------------------------------+----------------------+----------------------+
|   2  NVIDIA A40          On   | 00000000:B1:00.0 Off |                    0 |
|  0%   74C    P0   235W / 300W |  43393MiB / 46068MiB |    100%      Default |
|                               |                      |                  N/A |
+-------------------------------+----------------------+----------------------+
|   3  NVIDIA A40          On   | 00000000:D9:00.0 Off |                    0 |
|  0%   43C    P8    37W / 300W |      0MiB / 46068MiB |      0%      Default |
|                               |                      |                  N/A |
+-------------------------------+----------------------+----------------------+
                                                                               
+-----------------------------------------------------------------------------+
| Processes:                                                                  |
|  GPU   GI   CI        PID   Type   Process name                  GPU Memory |
|        ID   ID                                                   Usage      |
|=============================================================================|
|    2   N/A  N/A    507796      C   ...envs/final/bin/python3.10    43391MiB |
+-----------------------------------------------------------------------------+
[I 2023-05-08 13:35:18.940 ServerApp] Saving file at /notebooks/test_model_random_datat.ipynb
slurmstepd-ctit093: error: *** JOB 210172 ON ctit093 CANCELLED AT 2023-05-08T13:38:42 ***
[C 2023-05-08 13:38:42.904 ServerApp] received signal 15, stopping
[I 2023-05-08 13:38:42.921 ServerApp] Shutting down 3 extensions
[I 2023-05-08 13:38:42.922 ServerApp] Shutting down 2 kernels
[I 2023-05-08 13:38:42.923 ServerApp] Kernel shutdown: ecdb197a-fa8e-496a-80ff-db804f2c8192
[I 2023-05-08 13:38:42.923 ServerApp] Kernel shutdown: 5378f978-9172-4934-bb50-4719f627b157
